<?xml version="1.0" encoding="UTF-8"?>
<!-- Generated by org.testng.reporters.JUnitReportReporter -->
<testsuite skipped="0" hostname="DESKTOP-2PRHTE0" name="com.Loga.tests.QATest" tests="1" failures="0" timestamp="09 Jan 2019 12:38:55 GMT" time="2.921" errors="0">
  <testcase name="test" time="2.921" classname="com.Loga.tests.QATest"/>
</testsuite> <!-- com.Loga.tests.QATest -->
